Log file open, 03/26/18 20:14:27
LogWindows: Failed to load 'aqProf.dll' (GetLastError=126)
LogWindows: File 'aqProf.dll' does not exist
LogWindows: Failed to load 'VtuneApi.dll' (GetLastError=126)
LogWindows: File 'VtuneApi.dll' does not exist
LogWindows: Failed to load 'VtuneApi32e.dll' (GetLastError=126)
LogWindows: File 'VtuneApi32e.dll' does not exist
LogInit: Display: Running engine for game: QBert_Project
LogPlatformFile: Not using cached read wrapper
LogInit: Display: RandInit(1621042205) SRandInit(1621042205).
LogTaskGraph: Started task graph with 5 named threads and 14 total threads with 3 sets of task threads.
LogStats: Stats thread started at 0.288585
LogD3D11RHI: Aftermath initialized
LogPluginManager: Mounting plugin Paper2D
LogPluginManager: Mounting plugin LightPropagationVolume
LogPluginManager: Mounting plugin CodeLiteSourceCodeAccess
LogPluginManager: Mounting plugin GitSourceControl
LogPluginManager: Mounting plugin KDevelopSourceCodeAccess
LogPluginManager: Mounting plugin NullSourceCodeAccess
LogPluginManager: Mounting plugin PerforceSourceControl
LogPluginManager: Mounting plugin SubversionSourceControl
LogPluginManager: Mounting plugin UObjectPlugin
LogPluginManager: Mounting plugin VisualStudioSourceCodeAccess
LogPluginManager: Mounting plugin XCodeSourceCodeAccess
LogPluginManager: Mounting plugin AssetManagerEditor
LogPluginManager: Mounting plugin AudioCapture
LogPluginManager: Mounting plugin FacialAnimation
LogPluginManager: Mounting plugin GameplayTagsEditor
LogPluginManager: Mounting plugin MobileLauncherProfileWizard
LogPluginManager: Mounting plugin PluginBrowser
LogPluginManager: Mounting plugin SpeedTreeImporter
LogPluginManager: Mounting plugin AlembicImporter
LogPluginManager: Mounting plugin CharacterAI
LogPluginManager: Mounting plugin HTML5Networking
LogPluginManager: Mounting plugin AndroidMedia
LogPluginManager: Mounting plugin AvfMedia
LogPluginManager: Mounting plugin MediaPlayerEditor
LogPluginManager: Mounting plugin WmfMedia
LogPluginManager: Mounting plugin TcpMessaging
LogPluginManager: Mounting plugin UdpMessaging
LogPluginManager: Mounting plugin LevelSequenceEditor
LogPluginManager: Mounting plugin MatineeToLevelSequence
LogPluginManager: Mounting plugin OnlineSubsystemGooglePlay
LogPluginManager: Mounting plugin OnlineSubsystemIOS
LogPluginManager: Mounting plugin OnlineSubsystem
LogPluginManager: Mounting plugin OnlineSubsystemNull
LogPluginManager: Mounting plugin OnlineSubsystemUtils
LogPluginManager: Mounting plugin AndroidDeviceProfileSelector
LogPluginManager: Mounting plugin AndroidMoviePlayer
LogPluginManager: Mounting plugin AndroidPermission
LogPluginManager: Mounting plugin AppleMoviePlayer
LogPluginManager: Mounting plugin ArchVisCharacter
LogPluginManager: Mounting plugin CableComponent
LogPluginManager: Mounting plugin CustomMeshComponent
LogPluginManager: Mounting plugin ExampleDeviceProfileSelector
LogPluginManager: Mounting plugin GoogleCloudMessaging
LogPluginManager: Mounting plugin ImmediatePhysics
LogPluginManager: Mounting plugin IOSDeviceProfileSelector
LogPluginManager: Mounting plugin LinuxDeviceProfileSelector
LogPluginManager: Mounting plugin LocationServicesBPLibrary
LogPluginManager: Mounting plugin MobilePatchingUtils
LogPluginManager: Mounting plugin OculusVR
LogPluginManager: Mounting plugin PhysXVehicles
LogPluginManager: Mounting plugin ProceduralMeshComponent
LogPluginManager: Mounting plugin RuntimePhysXCooking
LogPluginManager: Mounting plugin SteamVR
LogPluginManager: Mounting plugin WindowsMoviePlayer
LogInit: Using libcurl 7.47.1
LogInit:  - built for x86_64-pc-win32
LogInit:  - supports SSL with OpenSSL/1.0.2g
LogInit:  - supports HTTP deflate (compression) using libz 1.2.8
LogInit:  - other features:
LogInit:      CURL_VERSION_SSL
LogInit:      CURL_VERSION_LIBZ
LogInit:      CURL_VERSION_IPV6
LogInit:      CURL_VERSION_ASYNCHDNS
LogInit:      CURL_VERSION_LARGEFILE
LogInit:      CURL_VERSION_IDN
LogInit:  CurlRequestOptions (configurable via config and command line):
LogInit:  - bVerifyPeer = false  - Libcurl will NOT verify peer certificate
LogInit:  - bUseHttpProxy = false  - Libcurl will NOT use HTTP proxy
LogInit:  - bDontReuseConnections = false  - Libcurl will reuse connections
LogInit:  - CertBundlePath = nullptr  - Libcurl will use whatever was configured at build time.
LogHMD: Failed initializing OVRPlugin 1.15.0
LogInit: Build: ++UE4+Release-4.17-CL-3658906
LogInit: Engine Version: 4.17.2-3658906+++UE4+Release-4.17
LogInit: Compatible Engine Version: 4.17.0-3573198+++UE4+Release-4.17
LogInit: Net CL: 3573198
LogDevObjectVersion: Number of dev versions registered: 16
LogDevObjectVersion:   Dev-Blueprints (B0D832E4-1F89-4F0D-ACCF-7EB736FD4AA2): 10
LogDevObjectVersion:   Dev-Build (E1C64328-A22C-4D53-A36C-8E866417BD8C): 0
LogDevObjectVersion:   Dev-Core (375EC13C-06E4-48FB-B500-84F0262A717E): 2
LogDevObjectVersion:   Dev-Editor (E4B068ED-F494-42E9-A231-DA0B2E46BB41): 20
LogDevObjectVersion:   Dev-Framework (CFFC743F-43B0-4480-9391-14DF171D2073): 28
LogDevObjectVersion:   Dev-Mobile (B02B49B5-BB20-44E9-A304-32B752E40360): 0
LogDevObjectVersion:   Dev-Networking (A4E4105C-59A1-49B5-A7C5-40C4547EDFEE): 0
LogDevObjectVersion:   Dev-Online (39C831C9-5AE6-47DC-9A44-9C173E1C8E7C): 0
LogDevObjectVersion:   Dev-Physics (78F01B33-EBEA-4F98-B9B4-84EACCB95AA2): 0
LogDevObjectVersion:   Dev-Platform (6631380F-2D4D-43E0-8009-CF276956A95A): 0
LogDevObjectVersion:   Dev-Rendering (12F88B9F-8875-4AFC-A67C-D90C383ABD29): 19
LogDevObjectVersion:   Dev-Sequencer (7B5AE74C-D270-4C10-A958-57980B212A5A): 4
LogDevObjectVersion:   Dev-VR (D7296918-1DD6-4BDD-9DE2-64A83CC13884): 0
LogDevObjectVersion:   Dev-LoadTimes (C2A15278-BFE7-4AFE-6C17-90FF531DF755): 1
LogDevObjectVersion:   Private-Geometry (6EACA3D4-40EC-4CC1-B786-8BED09428FC5): 1
LogDevObjectVersion:   Dev-AnimPhys (29E575DD-E0A3-4627-9D10-D276232CDCEA): 7
LogInit: Compiled (64-bit): Sep 22 2017 13:47:16
LogInit: Compiled with Visual C++: 19.00.24215.01
LogInit: Build Configuration: Development
LogInit: Branch Name: ++UE4+Release-4.17
LogInit: Command line:  /Temp/Autosaves/Game/QBertFolders/Level/UEDPCMainMenu -game -PIEVIACONSOLE -ResX=1280 -ResY=720  -Multiprocess -messaging -SessionName="Play in Standalone Game" -windowed 
LogInit: Base directory: D:/Unreal Engine/UE_4.17/Engine/Binaries/Win64/
LogInit: Installed Engine Build: 1
LogInit: Presizing for max 8388607 objects, including 0 objects not considered by GC, pre-allocating 0 bytes for permanent pool.
LogInit: Object subsystem initialized
[2018.03.27-00.14.31:348][  0]LogInit: Selected Device Profile: [Windows]
[2018.03.27-00.14.31:348][  0]LogInit: Applying CVar settings loaded from the selected device profile: [Windows]
[2018.03.27-00.14.31:355][  0]LogInit: Computer: DESKTOP-G1MUSF7
[2018.03.27-00.14.31:355][  0]LogInit: User: spawn
[2018.03.27-00.14.31:355][  0]LogInit: CPU Page size=4096, Cores=4
[2018.03.27-00.14.31:355][  0]LogInit: High frequency timer resolution =3.234369 MHz
[2018.03.27-00.14.31:356][  0]LogMemory: Memory total: Physical=15.9GB (16GB approx)
[2018.03.27-00.14.31:356][  0]LogMemory: Platform Memory Stats for Windows
[2018.03.27-00.14.31:356][  0]LogMemory: Process Physical Memory: 282.83 MB used, 282.83 MB peak
[2018.03.27-00.14.31:356][  0]LogMemory: Process Virtual Memory: 277.01 MB used, 277.01 MB peak
[2018.03.27-00.14.31:356][  0]LogMemory: Physical Memory: 11793.59 MB used,  4452.21 MB free, 16245.80 MB total
[2018.03.27-00.14.31:356][  0]LogMemory: Virtual Memory: 721.38 MB used,  4452.21 MB free, 134217728.00 MB total
[2018.03.27-00.14.31:589][  0]LogInit: Using OS detected language (en-US).
[2018.03.27-00.14.31:589][  0]LogInit: Using OS detected locale (en-CA).
[2018.03.27-00.14.31:602][  0]LogTextLocalizationManager: No specific localization for 'en-US' exists, so the 'en' localization will be used.
[2018.03.27-00.14.32:185][  0]LogD3D11RHI: D3D11 adapters:
[2018.03.27-00.14.32:239][  0]LogD3D11RHI:    0. 'NVIDIA GeForce GTX 970' (Feature Level 11_0)
[2018.03.27-00.14.32:239][  0]LogD3D11RHI:       4043/0/8122 MB DedicatedVideo/DedicatedSystem/SharedSystem, Outputs:3, VendorId:0x10de
[2018.03.27-00.14.32:254][  0]LogD3D11RHI:    1. 'Intel(R) HD Graphics 530' (Feature Level 11_0)
[2018.03.27-00.14.32:254][  0]LogD3D11RHI:       128/0/8122 MB DedicatedVideo/DedicatedSystem/SharedSystem, Outputs:1, VendorId:0x8086
[2018.03.27-00.14.32:258][  0]LogD3D11RHI:    2. 'Microsoft Basic Render Driver' (Feature Level 11_0)
[2018.03.27-00.14.32:258][  0]LogD3D11RHI:       0/0/8122 MB DedicatedVideo/DedicatedSystem/SharedSystem, Outputs:0, VendorId:0x1414
[2018.03.27-00.14.32:258][  0]LogD3D11RHI: Chosen D3D11 Adapter: 0
[2018.03.27-00.14.32:281][  0]LogD3D11RHI: Creating new Direct3DDevice
[2018.03.27-00.14.32:282][  0]LogD3D11RHI:     GPU DeviceId: 0x13c2 (for the marketing name, search the web for "GPU Device Id")
[2018.03.27-00.14.32:282][  0]LogWindows: EnumDisplayDevices:
[2018.03.27-00.14.32:282][  0]LogWindows:    0. 'NVIDIA GeForce GTX 970' (P:1 D:1)
[2018.03.27-00.14.32:282][  0]LogWindows:    1. 'NVIDIA GeForce GTX 970' (P:0 D:1)
[2018.03.27-00.14.32:282][  0]LogWindows:    2. 'NVIDIA GeForce GTX 970' (P:0 D:1)
[2018.03.27-00.14.32:282][  0]LogWindows:    3. 'NVIDIA GeForce GTX 970' (P:0 D:0)
[2018.03.27-00.14.32:282][  0]LogWindows:    4. 'Intel(R) HD Graphics 530' (P:0 D:1)
[2018.03.27-00.14.32:283][  0]LogWindows:    5. 'Intel(R) HD Graphics 530' (P:0 D:0)
[2018.03.27-00.14.32:283][  0]LogWindows:    6. 'Intel(R) HD Graphics 530' (P:0 D:0)
[2018.03.27-00.14.32:283][  0]LogWindows: DebugString: GetVideoDriverDetailsInvalid PrimaryIsNotTheChoosenAdapter GetVideoDriverDetailsInvalid PrimaryIsNotTheChoosenAdapter GetVideoDriverDetailsInvalid PrimaryIsNotTheChoosenAdapter GetVideoDriverDetailsInvalid PrimaryIsNotTheChoosenAdapter GetVideoDriverDetailsInvalid PrimaryIsNotTheChoosenAdapter GetVideoDriverDetailsInvalid PrimaryIsNotTheChoosenAdapter GetVideoDriverDetailsInvalid PrimaryIsNotTheChoosenAdapter FoundDriverCount:0 
[2018.03.27-00.14.32:283][  0]LogD3D11RHI:     Adapter Name: NVIDIA GeForce GTX 970
[2018.03.27-00.14.32:283][  0]LogD3D11RHI:   Driver Version: Unknown (internal:Unknown, unified:Unknown)
[2018.03.27-00.14.32:283][  0]LogD3D11RHI:      Driver Date: Unknown
[2018.03.27-00.14.32:283][  0]LogRHI: Texture pool is 1361 MB (70% of 1945 MB)
[2018.03.27-00.14.32:325][  0]LogD3D11RHI: Async texture creation enabled
[2018.03.27-00.14.32:369][  0]LogD3D11RHI: GPU Timing Frequency: 1000.000000 (Debug: 2 2)
[2018.03.27-00.14.32:514][  0]LogShaderCompilers: Guid format shader working directory is -10 characters bigger than the processId version (C:/Users/spawn/Desktop/GBC/W2018/GAME2030/QBert_Project/Intermediate/Shaders/WorkingDirectory/14580/).
[2018.03.27-00.14.32:514][  0]LogShaderCompilers: Cleaned the shader compiler working directory 'C:/Users/spawn/AppData/Local/Temp/UnrealShaderWorkingDir/94FD6E5946C0D0FEB73814AEDB14DCD6/'.
[2018.03.27-00.14.32:514][  0]LogShaderCompilers: Display: Using Local Shader Compiler.
[2018.03.27-00.14.34:364][  0]LogTemp: Display: Loaded TP WindowsClientTargetPlatform
[2018.03.27-00.14.34:437][  0]LogTemp: Display: Loaded TP WindowsNoEditorTargetPlatform
[2018.03.27-00.14.34:510][  0]LogTemp: Display: Loaded TP WindowsServerTargetPlatform
[2018.03.27-00.14.34:576][  0]LogTemp: Display: Loaded TP WindowsTargetPlatform
[2018.03.27-00.14.34:576][  0]LogTargetPlatformManager: Display: Building Assets For Windows
[2018.03.27-00.14.35:221][  0]LogDerivedDataCache: Display: Max Cache Size: 512 MB
[2018.03.27-00.14.35:228][  0]LogDerivedDataCache: Loaded boot cache 0.01s 8MB C:/Users/spawn/AppData/Local/UnrealEngine/4.17/DerivedDataCache/Boot.ddc.
[2018.03.27-00.14.35:228][  0]LogDerivedDataCache: Display: Loaded Boot cache: C:/Users/spawn/AppData/Local/UnrealEngine/4.17/DerivedDataCache/Boot.ddc
[2018.03.27-00.14.35:229][  0]LogDerivedDataCache: FDerivedDataBackendGraph:  Pak pak cache file C:/Users/spawn/Desktop/GBC/W2018/GAME2030/QBert_Project/DerivedDataCache/DDC.ddp not found, will not use a pak cache.
[2018.03.27-00.14.35:229][  0]LogDerivedDataCache: Unable to find inner node Pak for hierarchical cache Hierarchy.
[2018.03.27-00.14.35:229][  0]LogDerivedDataCache: FDerivedDataBackendGraph:  CompressedPak pak cache file C:/Users/spawn/Desktop/GBC/W2018/GAME2030/QBert_Project/DerivedDataCache/Compressed.ddp not found, will not use a pak cache.
[2018.03.27-00.14.35:229][  0]LogDerivedDataCache: Unable to find inner node CompressedPak for hierarchical cache Hierarchy.
[2018.03.27-00.14.35:243][  0]LogDerivedDataCache: Display: Pak cache opened for reading ../../../Engine/DerivedDataCache/Compressed.ddp.
[2018.03.27-00.14.35:259][  0]LogDerivedDataCache: Using Local data cache path C:/Users/spawn/AppData/Local/UnrealEngine/Common/DerivedDataCache: Writable
[2018.03.27-00.14.35:277][  0]LogMaterial: Verifying Global Shaders for PCD3D_SM5
[2018.03.27-00.14.35:277][  0]LogSlate: Using Freetype 2.6.0
[2018.03.27-00.14.35:279][  0]LogSlate: SlateFontCache - WITH_FREETYPE: 1, WITH_HARFBUZZ: 1
[2018.03.27-00.14.35:279][  0]LogSlate: SlateFontCache - WITH_FREETYPE: 1, WITH_HARFBUZZ: 1
[2018.03.27-00.14.35:635][  0]LogAssetRegistry: FAssetRegistry took 0.0056 seconds to start up
[2018.03.27-00.14.35:673][  0]LogPackageLocalizationCache: Processed 5 localized package path(s) for 2 prioritized culture(s) in 0.011740 seconds
[2018.03.27-00.14.35:832][  0]LogInit: Selected Device Profile: [Windows]
[2018.03.27-00.14.36:045][  0]LogContentStreaming: Texture pool size is 1000.00 MB
[2018.03.27-00.14.36:448][  0]LogSimplygon: Simplygon DLL not present - disabling.
[2018.03.27-00.14.36:508][  0]LogMeshReduction: Using SimplygonSwarm for distributed automatic mesh merging
[2018.03.27-00.14.36:508][  0]LogMeshReduction: Using QuadricMeshReduction for automatic static mesh reduction
[2018.03.27-00.14.36:508][  0]LogMeshReduction: No automatic skeletal mesh reduction module available
[2018.03.27-00.14.36:509][  0]LogMeshReduction: No automatic mesh merging module available
[2018.03.27-00.14.36:509][  0]LogMeshMerging: No automatic mesh merging module available
[2018.03.27-00.14.36:979][  0]LogNetVersion: QBert_Project , NetCL: 3573198, EngineNetVer: 2, GameNetVer: 0 (Checksum: 34418127)
[2018.03.27-00.14.37:205][  0]LogInit: WinSock: version 1.1 (2.2), MaxSocks=32767, MaxUdp=65467
[2018.03.27-00.14.38:866][  0]LogMoviePlayer: Initializing movie player
[2018.03.27-00.14.38:957][  0]LogWindowsTextInputMethodSystem: Display: IME system now deactivated.
[2018.03.27-00.14.39:360][  0]LogCollectionManager: Loaded 0 collections in 0.002084 seconds
[2018.03.27-00.14.39:419][  0]LogFileCache: Scanning file cache for directory 'C:/Users/spawn/Desktop/GBC/W2018/GAME2030/QBert_Project/Saved/Collections/' took 0.01s
[2018.03.27-00.14.39:419][  0]LogFileCache: Scanning file cache for directory 'C:/Users/spawn/Desktop/GBC/W2018/GAME2030/QBert_Project/Content/Developers/spawn/Collections/' took 0.01s
[2018.03.27-00.14.39:419][  0]LogCollectionManager: Rebuilt the object cache for 0 collections in 0.000000 seconds (found 0 objects)
[2018.03.27-00.14.39:419][  0]LogFileCache: Scanning file cache for directory 'C:/Users/spawn/Desktop/GBC/W2018/GAME2030/QBert_Project/Content/Collections/' took 0.01s
[2018.03.27-00.14.39:419][  0]LogCollectionManager: Fixed up redirectors for 0 collections in 0.000081 seconds (updated 0 objects)
[2018.03.27-00.14.39:707][  0]LogTcpMessaging: Initializing TcpMessaging bridge
[2018.03.27-00.14.39:769][  0]LogUdpMessaging: Initializing bridge on interface 0.0.0.0:0 to multicast group 230.0.0.1:6666.
[2018.03.27-00.14.40:756][  0]SourceControl: Source control is disabled
[2018.03.27-00.14.40:756][  0]SourceControl: Source control is disabled
[2018.03.27-00.14.40:844][  0]SourceControl: Source control is disabled
[2018.03.27-00.14.41:280][  0]LogAndroidPermission: UAndroidPermissionCallbackProxy::GetInstance
[2018.03.27-00.14.41:717][  0]LogOcInput: OculusInput pre-init called
[2018.03.27-00.14.41:900][  0]LogUObjectArray: 39054 objects as part of root set at end of initial load.
[2018.03.27-00.14.41:900][  0]LogUObjectAllocator: 8720208 out of 0 bytes used by permanent object pool.
[2018.03.27-00.14.41:900][  0]LogUObjectArray: CloseDisregardForGC: 0/0 objects in disregard for GC pool
[2018.03.27-00.14.42:029][  0]LogEngine: Initializing Engine...
[2018.03.27-00.14.42:093][  0]LogHMD: Failed to initialize OpenVR with code 126
[2018.03.27-00.14.42:408][  0]LogLinker: Warning: Can't find file '/Game/QBertFolders/Font/Q-bert_Original_Font'
[2018.03.27-00.14.42:408][  0]LogUObjectGlobals: Warning: Failed to load '/Game/QBertFolders/Font/Q-bert_Original_Font': Can't find file '/Game/QBertFolders/Font/Q-bert_Original_Font'
[2018.03.27-00.14.42:409][  0]LogLinker: Warning: Can't find file '/Game/QBertFolders/Font/Q-bert_Original_Font'
[2018.03.27-00.14.42:409][  0]LogUObjectGlobals: Warning: Failed to load '/Game/QBertFolders/Font/Q-bert_Original_Font': Can't find file '/Game/QBertFolders/Font/Q-bert_Original_Font'
[2018.03.27-00.14.42:409][  0]LogUObjectGlobals: Warning: Failed to find object 'Font /Game/QBertFolders/Font/Q-bert_Original_Font.Q-bert_Original_Font'
[2018.03.27-00.14.42:411][  0]LogStats: UGameplayTagsManager::ConstructGameplayTagTree: Construct from data asset -  0.000 s
[2018.03.27-00.14.42:411][  0]LogStats: UGameplayTagsManager::ConstructGameplayTagTree: GameplayTagTreeChangedEvent.Broadcast -  0.000 s
[2018.03.27-00.14.42:451][  0]LogInit: XAudio2 using 'Speakers (Realtek High Definition Audio)' : 2 channels at 48 kHz using 32 bits per sample (channel mask 0x3)
[2018.03.27-00.14.42:486][  0]LogInit: FAudioDevice initialized.
[2018.03.27-00.14.42:504][  0]LogInit: Texture streaming: Enabled
[2018.03.27-00.14.42:531][  0]LogMaterial: Uniform references updated for custom material expression Custom.
[2018.03.27-00.14.42:861][  0]LogSlateStyle: Warning: Unable to find Slate Widget Style 'NormalText'. Using FTextBlockStyle defaults instead.
[2018.03.27-00.14.42:861][  0]LogSlateStyle: Warning: Unable to find Slate Widget Style 'SpinBox'. Using FSpinBoxStyle defaults instead.
[2018.03.27-00.14.43:178][  0]LogInit: Display: Game Engine Initialized.
[2018.03.27-00.14.43:178][  0]LogGameplayTags: Display: UGameplayTagsManager::DoneAddingNativeTags. DelegateIsBound: 0
[2018.03.27-00.14.43:418][  0]LogInit: Display: Starting Game.
[2018.03.27-00.14.43:418][  0]LogNet: Browse: /Temp/Autosaves/Game/QBertFolders/Level/UEDPCMainMenu?Name=Player
[2018.03.27-00.14.43:419][  0]LogLoad: LoadMap: /Temp/Autosaves/Game/QBertFolders/Level/UEDPCMainMenu?Name=Player
[2018.03.27-00.14.43:438][  0]LogMemory: Platform Memory Stats for Windows
[2018.03.27-00.14.43:438][  0]LogMemory: Process Physical Memory: 849.91 MB used, 981.87 MB peak
[2018.03.27-00.14.43:438][  0]LogMemory: Process Virtual Memory: 968.50 MB used, 1059.22 MB peak
[2018.03.27-00.14.43:438][  0]LogMemory: Physical Memory: 12310.59 MB used,  3935.21 MB free, 16245.80 MB total
[2018.03.27-00.14.43:438][  0]LogMemory: Virtual Memory: 1638.07 MB used,  3935.21 MB free, 134217728.00 MB total
[2018.03.27-00.14.43:438][  0]LogMemory: 
[2018.03.27-00.14.43:438][  0]Allocator Stats for TBB: (not implemented)
[2018.03.27-00.14.43:625][  0]LogAIModule: Creating AISystem for world MainMenu
[2018.03.27-00.14.43:626][  0]LogLoad: Game class is 'MainGameMode'
[2018.03.27-00.14.43:626][  0]LogActor: Warning: MainGameMode /Temp/Autosaves/Game/QBertFolders/Level/UEDPCMainMenu.MainMenu:PersistentLevel.MainGameMode_0 has natively added scene component(s), but none of them were set as the actor's RootComponent - picking one arbitrarily
[2018.03.27-00.14.43:627][  0]LogWorld: Bringing World /Temp/Autosaves/Game/QBertFolders/Level/UEDPCMainMenu.MainMenu up for play (max tick rate 0) at 2018.03.26-20.14.43
[2018.03.27-00.14.43:627][  0]LogWorld: Bringing up level for play took: 0.000541
[2018.03.27-00.14.43:628][  0]LogTemp: Warning: Width 0
[2018.03.27-00.14.43:629][  0]LogLoad: Took 0.210545 seconds to LoadMap(/Temp/Autosaves/Game/QBertFolders/Level/UEDPCMainMenu)
[2018.03.27-00.14.43:956][  0]LogRenderer: Reallocating scene render targets to support 1280x720 Format 10 NumSamples 1 (Frame:1).
[2018.03.27-00.14.43:956][  0]LogLoad: (Engine Initialization) Total time: 19.00 seconds
[2018.03.27-00.14.43:956][  0]LogLoad: (Engine Initialization) Total Blueprint compile time: 0.00 seconds
[2018.03.27-00.14.43:957][  0]LogExternalProfiler: Found external profiler: VSPerf
[2018.03.27-00.14.43:957][  0]LogExternalProfiler: Using external profiler: VSPerf
[2018.03.27-00.14.47:571][223]LogTemp: Warning: Start Game
[2018.03.27-00.14.47:822][223]LogPackageName: SearchForPackageOnDisk took   0.250s to resolve MainLevel.umap.
[2018.03.27-00.14.48:068][224]LogPackageName: SearchForPackageOnDisk took   0.244s to resolve MainLevel.umap.
[2018.03.27-00.14.48:068][224]LogNet: Browse: /Game/QBertFolders/Level/MainLevel
[2018.03.27-00.14.48:068][224]LogLoad: LoadMap: /Game/QBertFolders/Level/MainLevel
[2018.03.27-00.14.48:086][224]LogMemory: Platform Memory Stats for Windows
[2018.03.27-00.14.48:086][224]LogMemory: Process Physical Memory: 876.36 MB used, 981.87 MB peak
[2018.03.27-00.14.48:086][224]LogMemory: Process Virtual Memory: 1109.68 MB used, 1181.37 MB peak
[2018.03.27-00.14.48:086][224]LogMemory: Physical Memory: 12324.98 MB used,  3920.82 MB free, 16245.80 MB total
[2018.03.27-00.14.48:086][224]LogMemory: Virtual Memory: 1814.49 MB used,  3920.82 MB free, 134217728.00 MB total
[2018.03.27-00.14.48:086][224]LogMemory: 
[2018.03.27-00.14.48:086][224]Allocator Stats for TBB: (not implemented)
[2018.03.27-00.14.48:093][224]LogAIModule: Creating AISystem for world MainLevel
[2018.03.27-00.14.48:093][224]LogLoad: Game class is 'QBERTGameMode'
[2018.03.27-00.14.48:094][224]LogWorld: Bringing World /Game/QBertFolders/Level/MainLevel.MainLevel up for play (max tick rate 0) at 2018.03.26-20.14.48
[2018.03.27-00.14.48:094][224]LogWorld: Bringing up level for play took: 0.000446
[2018.03.27-00.14.48:094][224]LogGameMode: FindPlayerStart: PATHS NOT DEFINED or NO PLAYERSTART with positive rating
[2018.03.27-00.14.48:100][224]LogLoad: Took 0.030938 seconds to LoadMap(/Game/QBertFolders/Level/MainLevel)
[2018.03.27-00.15.11:839][692]LogTemp: Warning: Exit Game
[2018.03.27-00.15.12:085][692]LogPackageName: SearchForPackageOnDisk took   0.245s to resolve MainMenu.umap.
[2018.03.27-00.15.12:331][693]LogPackageName: SearchForPackageOnDisk took   0.244s to resolve MainMenu.umap.
[2018.03.27-00.15.12:331][693]LogNet: Browse: /Game/QBertFolders/Level/MainMenu
[2018.03.27-00.15.12:331][693]LogLoad: LoadMap: /Game/QBertFolders/Level/MainMenu
[2018.03.27-00.15.12:351][693]LogMemory: Platform Memory Stats for Windows
[2018.03.27-00.15.12:351][693]LogMemory: Process Physical Memory: 856.25 MB used, 981.87 MB peak
[2018.03.27-00.15.12:351][693]LogMemory: Process Virtual Memory: 1055.54 MB used, 1181.37 MB peak
[2018.03.27-00.15.12:351][693]LogMemory: Physical Memory: 12318.59 MB used,  3927.21 MB free, 16245.80 MB total
[2018.03.27-00.15.12:351][693]LogMemory: Virtual Memory: 1764.43 MB used,  3927.21 MB free, 134217728.00 MB total
[2018.03.27-00.15.12:351][693]LogMemory: 
[2018.03.27-00.15.12:351][693]Allocator Stats for TBB: (not implemented)
[2018.03.27-00.15.12:356][693]LogAIModule: Creating AISystem for world MainMenu
[2018.03.27-00.15.12:357][693]LogLoad: Game class is 'MainGameMode'
[2018.03.27-00.15.12:357][693]LogActor: Warning: MainGameMode /Game/QBertFolders/Level/MainMenu.MainMenu:PersistentLevel.MainGameMode_0 has natively added scene component(s), but none of them were set as the actor's RootComponent - picking one arbitrarily
[2018.03.27-00.15.12:357][693]LogWorld: Bringing World /Game/QBertFolders/Level/MainMenu.MainMenu up for play (max tick rate 0) at 2018.03.26-20.15.12
[2018.03.27-00.15.12:358][693]LogWorld: Bringing up level for play took: 0.000446
[2018.03.27-00.15.12:358][693]LogGameMode: FindPlayerStart: PATHS NOT DEFINED or NO PLAYERSTART with positive rating
[2018.03.27-00.15.12:359][693]LogTemp: Warning: Width 1280
[2018.03.27-00.15.12:360][693]LogLoad: Took 0.028120 seconds to LoadMap(/Game/QBertFolders/Level/MainMenu)
[2018.03.27-00.15.12:942][728]LogTemp: Warning: Exit Game
[2018.03.27-00.15.12:989][728]Closing by request
[2018.03.27-00.15.12:999][728]LogWindows: FPlatformMisc::RequestExit(0)
[2018.03.27-00.15.13:127][729]LogWindowsTextInputMethodSystem: Display: IME system now deactivated.
[2018.03.27-00.15.13:130][729]LogWindowsTextInputMethodSystem: Display: IME system now deactivated.
[2018.03.27-00.15.13:131][729]LogExit: Preparing to exit.
[2018.03.27-00.15.13:131][729]LogMoviePlayer: Shutting down movie player
[2018.03.27-00.15.13:917][729]LogExit: Game engine shut down
[2018.03.27-00.15.13:960][729]LogExit: Object subsystem successfully closed.
[2018.03.27-00.15.13:970][729]LogD3D11RHI: Shutdown
[2018.03.27-00.15.13:970][729]LogD3D11RHI: CleanupD3DDevice
[2018.03.27-00.15.13:972][729]LogD3D11RHI: ~FD3D11DynamicRHI
[2018.03.27-00.15.13:976][729]LogModuleManager: Shutting down and abandoning module SequenceRecorderSections (306)
[2018.03.27-00.15.13:976][729]LogModuleManager: Shutting down and abandoning module SequenceRecorder (304)
[2018.03.27-00.15.13:976][729]LogModuleManager: Shutting down and abandoning module AutomationController (302)
[2018.03.27-00.15.13:976][729]LogModuleManager: Shutting down and abandoning module AutomationWorker (300)
[2018.03.27-00.15.13:976][729]LogModuleManager: Shutting down and abandoning module AIModule (298)
[2018.03.27-00.15.13:976][729]LogModuleManager: Shutting down and abandoning module GameplayDebugger (297)
[2018.03.27-00.15.13:976][729]LogModuleManager: Shutting down and abandoning module AITestSuite (295)
[2018.03.27-00.15.13:976][729]LogModuleManager: Shutting down and abandoning module WmfMediaFactory (292)
[2018.03.27-00.15.13:976][729]LogModuleManager: Shutting down and abandoning module AvfMediaFactory (290)
[2018.03.27-00.15.13:976][729]LogModuleManager: Shutting down and abandoning module AndroidMediaFactory (288)
[2018.03.27-00.15.13:976][729]LogModuleManager: Shutting down and abandoning module Media (287)
[2018.03.27-00.15.13:976][729]LogModuleManager: Shutting down and abandoning module CharacterAI (284)
[2018.03.27-00.15.13:976][729]LogModuleManager: Shutting down and abandoning module SessionServices (282)
[2018.03.27-00.15.13:976][729]LogModuleManager: Shutting down and abandoning module MovieSceneCapture (280)
[2018.03.27-00.15.13:976][729]LogModuleManager: Shutting down and abandoning module MovieSceneTracks (278)
[2018.03.27-00.15.13:976][729]LogModuleManager: Shutting down and abandoning module MovieScene (276)
[2018.03.27-00.15.13:976][729]LogModuleManager: Shutting down and abandoning module GeometryCache (274)
[2018.03.27-00.15.13:976][729]LogModuleManager: Shutting down and abandoning module GeometryCacheEd (273)
[2018.03.27-00.15.13:976][729]LogModuleManager: Shutting down and abandoning module Niagara (270)
[2018.03.27-00.15.13:976][729]LogModuleManager: Shutting down and abandoning module NiagaraEditor (269)
[2018.03.27-00.15.13:977][729]LogModuleManager: Shutting down and abandoning module StreamingPauseRendering (266)
[2018.03.27-00.15.13:977][729]LogModuleManager: Shutting down and abandoning module PortalServices (264)
[2018.03.27-00.15.13:977][729]LogModuleManager: Shutting down and abandoning module PortalRpc (262)
[2018.03.27-00.15.13:977][729]LogModuleManager: Shutting down and abandoning module MessagingRpc (260)
[2018.03.27-00.15.13:977][729]LogModuleManager: Shutting down and abandoning module ProfilerService (258)
[2018.03.27-00.15.14:010][729]LogModuleManager: Shutting down and abandoning module TaskGraph (256)
[2018.03.27-00.15.14:010][729]LogModuleManager: Shutting down and abandoning module SteamVRController (254)
[2018.03.27-00.15.14:010][729]LogModuleManager: Shutting down and abandoning module ProceduralMeshComponent (252)
[2018.03.27-00.15.14:010][729]LogModuleManager: Shutting down and abandoning module OculusInput (250)
[2018.03.27-00.15.14:010][729]LogModuleManager: Shutting down and abandoning module MobilePatchingUtils (248)
[2018.03.27-00.15.14:010][729]LogModuleManager: Shutting down and abandoning module CustomMeshComponent (246)
[2018.03.27-00.15.14:010][729]LogModuleManager: Shutting down and abandoning module CableComponent (244)
[2018.03.27-00.15.14:010][729]LogModuleManager: Shutting down and abandoning module ArchVisCharacter (242)
[2018.03.27-00.15.14:010][729]LogModuleManager: Shutting down and abandoning module AndroidPermission (240)
[2018.03.27-00.15.14:010][729]LogModuleManager: Shutting down and abandoning module HTML5Networking (236)
[2018.03.27-00.15.14:010][729]LogModuleManager: Shutting down and abandoning module VisualStudioSourceCodeAccess (234)
[2018.03.27-00.15.14:010][729]LogModuleManager: Shutting down and abandoning module DesktopPlatform (233)
[2018.03.27-00.15.14:010][729]LogModuleManager: Shutting down and abandoning module HotReload (231)
[2018.03.27-00.15.14:010][729]LogDirectoryWatcher: A directory notification for 'C:/Users/spawn/Desktop/GBC/W2018/GAME2030/QBert_Project/Binaries/Win64' was aborted.
[2018.03.27-00.15.14:010][729]LogModuleManager: Shutting down and abandoning module UObjectPlugin (228)
[2018.03.27-00.15.14:010][729]LogModuleManager: Shutting down and abandoning module SubversionSourceControl (226)
[2018.03.27-00.15.14:010][729]LogModuleManager: Shutting down and abandoning module PerforceSourceControl (224)
[2018.03.27-00.15.14:011][729]LogModuleManager: Shutting down and abandoning module SourceControl (223)
[2018.03.27-00.15.14:011][729]LogModuleManager: Shutting down and abandoning module QBert_Project (220)
[2018.03.27-00.15.14:011][729]LogModuleManager: Shutting down and abandoning module RuntimePhysXCooking (218)
[2018.03.27-00.15.14:011][729]LogModuleManager: Shutting down and abandoning module PhysXVehiclesEditor (216)
[2018.03.27-00.15.14:011][729]LogModuleManager: Shutting down and abandoning module PhysXVehicles (214)
[2018.03.27-00.15.14:011][729]LogModuleManager: Shutting down and abandoning module LocationServicesBPLibrary (212)
[2018.03.27-00.15.14:011][729]LogModuleManager: Shutting down and abandoning module ImmediatePhysicsEditor (210)
[2018.03.27-00.15.14:011][729]LogModuleManager: Shutting down and abandoning module ImmediatePhysics (208)
[2018.03.27-00.15.14:011][729]LogModuleManager: Shutting down and abandoning module UdpMessaging (206)
[2018.03.27-00.15.14:111][729]LogModuleManager: Shutting down and abandoning module TcpMessaging (204)
[2018.03.27-00.15.14:714][729]LogModuleManager: Shutting down and abandoning module GameplayTagsEditor (202)
[2018.03.27-00.15.14:714][729]LogModuleManager: Shutting down and abandoning module FacialAnimation (200)
[2018.03.27-00.15.14:714][729]LogModuleManager: Shutting down and abandoning module AssetManagerEditor (198)
[2018.03.27-00.15.14:715][729]LogModuleManager: Shutting down and abandoning module GraphEditor (197)
[2018.03.27-00.15.14:715][729]LogModuleManager: Shutting down and abandoning module ContentBrowser (195)
[2018.03.27-00.15.14:715][729]LogModuleManager: Shutting down and abandoning module CollectionManager (194)
[2018.03.27-00.15.14:715][729]LogDirectoryWatcher: A directory notification for 'C:/Users/spawn/Desktop/GBC/W2018/GAME2030/QBert_Project/Content/Collections/' was aborted.
[2018.03.27-00.15.14:715][729]LogDirectoryWatcher: A directory notification for 'C:/Users/spawn/Desktop/GBC/W2018/GAME2030/QBert_Project/Content/Developers/spawn/Collections/' was aborted.
[2018.03.27-00.15.14:715][729]LogDirectoryWatcher: A directory notification for 'C:/Users/spawn/Desktop/GBC/W2018/GAME2030/QBert_Project/Saved/Collections/' was aborted.
[2018.03.27-00.15.14:715][729]LogModuleManager: Shutting down and abandoning module DirectoryWatcher (193)
[2018.03.27-00.15.14:715][729]LogModuleManager: Shutting down and abandoning module LightPropagationVolumeRuntime (188)
[2018.03.27-00.15.14:715][729]LogModuleManager: Shutting down and abandoning module Paper2D (186)
[2018.03.27-00.15.14:715][729]LogModuleManager: Shutting down and abandoning module WindowsMoviePlayer (184)
[2018.03.27-00.15.14:715][729]LogModuleManager: Shutting down and abandoning module WmfMedia (182)
[2018.03.27-00.15.14:716][729]LogModuleManager: Shutting down and abandoning module PacketHandler (180)
[2018.03.27-00.15.14:716][729]LogModuleManager: Shutting down and abandoning module ClothingSystemEditor (178)
[2018.03.27-00.15.14:716][729]LogModuleManager: Shutting down and abandoning module ClothingSystemRuntime (176)
[2018.03.27-00.15.14:716][729]LogModuleManager: Shutting down and abandoning module Overlay (174)
[2018.03.27-00.15.14:716][729]LogModuleManager: Shutting down and abandoning module OverlayEditor (173)
[2018.03.27-00.15.14:716][729]LogModuleManager: Shutting down and abandoning module MediaAssets (170)
[2018.03.27-00.15.14:716][729]LogModuleManager: Shutting down and abandoning module VREditor (168)
[2018.03.27-00.15.14:716][729]LogModuleManager: Shutting down and abandoning module StringTableEditor (166)
[2018.03.27-00.15.14:716][729]LogModuleManager: Shutting down and abandoning module GameplayTasksEditor (164)
[2018.03.27-00.15.14:716][729]LogModuleManager: Shutting down and abandoning module BehaviorTreeEditor (162)
[2018.03.27-00.15.14:716][729]LogModuleManager: Shutting down and abandoning module FunctionalTesting (160)
[2018.03.27-00.15.14:717][729]LogModuleManager: Shutting down and abandoning module CollisionAnalyzer (158)
[2018.03.27-00.15.14:717][729]LogModuleManager: Shutting down and abandoning module WorkspaceMenuStructure (157)
[2018.03.27-00.15.14:717][729]LogModuleManager: Shutting down and abandoning module UMG (154)
[2018.03.27-00.15.14:717][729]LogModuleManager: Shutting down and abandoning module UMGEditor (153)
[2018.03.27-00.15.14:717][729]LogModuleManager: Shutting down and abandoning module Sequencer (152)
[2018.03.27-00.15.14:717][729]LogModuleManager: Shutting down and abandoning module MessageLog (149)
[2018.03.27-00.15.14:717][729]LogModuleManager: Shutting down and abandoning module SlateReflector (144)
[2018.03.27-00.15.14:717][729]LogModuleManager: Shutting down and abandoning module Slate (142)
[2018.03.27-00.15.14:717][729]LogModuleManager: Shutting down and abandoning module EditorStyle (140)
[2018.03.27-00.15.14:718][729]LogModuleManager: Shutting down and abandoning module MRMesh (138)
[2018.03.27-00.15.14:718][729]LogModuleManager: Shutting down and abandoning module Messaging (136)
[2018.03.27-00.15.14:718][729]LogModuleManager: Shutting down and abandoning module SourceCodeAccess (134)
[2018.03.27-00.15.14:718][729]LogModuleManager: Shutting down and abandoning module HeadMountedDisplay (132)
[2018.03.27-00.15.14:718][729]LogModuleManager: Shutting down and abandoning module XAudio2 (130)
[2018.03.27-00.15.14:718][729]LogModuleManager: Shutting down and abandoning module Networking (128)
[2018.03.27-00.15.14:718][729]LogModuleManager: Shutting down and abandoning module Core (124)
[2018.03.27-00.15.14:718][729]LogModuleManager: Shutting down and abandoning module KismetCompiler (122)
[2018.03.27-00.15.14:718][729]LogModuleManager: Shutting down and abandoning module LevelSequence (120)
[2018.03.27-00.15.14:718][729]LogModuleManager: Shutting down and abandoning module MeshUtilities (118)
[2018.03.27-00.15.14:718][729]LogModuleManager: Shutting down and abandoning module MeshMergeUtilities (117)
[2018.03.27-00.15.14:718][729]LogModuleManager: Shutting down and abandoning module MeshReductionInterface (116)
[2018.03.27-00.15.14:718][729]LogModuleManager: Shutting down and abandoning module SimplygonSwarm (115)
[2018.03.27-00.15.14:718][729]LogModuleManager: Shutting down and abandoning module SimplygonMeshReduction (113)
[2018.03.27-00.15.14:718][729]LogModuleManager: Shutting down and abandoning module QuadricMeshReduction (111)
[2018.03.27-00.15.14:718][729]LogModuleManager: Shutting down and abandoning module MaterialBaking (107)
[2018.03.27-00.15.14:718][729]LogModuleManager: Shutting down and abandoning module DerivedDataCache (102)
[2018.03.27-00.15.14:777][729]LogDerivedDataCache: Shutdown
[2018.03.27-00.15.14:777][729]LogModuleManager: Shutting down and abandoning module TargetPlatform (100)
[2018.03.27-00.15.14:777][729]LogModuleManager: Shutting down and abandoning module VulkanShaderFormat (99)
[2018.03.27-00.15.14:777][729]LogModuleManager: Shutting down and abandoning module ShaderFormatVectorVM (97)
[2018.03.27-00.15.14:777][729]LogModuleManager: Shutting down and abandoning module ShaderFormatOpenGL (95)
[2018.03.27-00.15.14:777][729]LogModuleManager: Shutting down and abandoning module ShaderFormatD3D (93)
[2018.03.27-00.15.14:777][729]LogModuleManager: Shutting down and abandoning module MetalShaderFormat (91)
[2018.03.27-00.15.14:777][729]LogModuleManager: Shutting down and abandoning module TextureFormatUncompressed (89)
[2018.03.27-00.15.14:777][729]LogModuleManager: Shutting down and abandoning module TextureFormatPVR (87)
[2018.03.27-00.15.14:777][729]LogModuleManager: Shutting down and abandoning module TextureFormatDXT (85)
[2018.03.27-00.15.14:777][729]LogModuleManager: Shutting down and abandoning module TextureFormatIntelISPCTexComp (83)
[2018.03.27-00.15.14:777][729]LogModuleManager: Shutting down and abandoning module TextureFormatASTC (81)
[2018.03.27-00.15.14:777][729]LogModuleManager: Shutting down and abandoning module ImageWrapper (80)
[2018.03.27-00.15.14:777][729]LogModuleManager: Shutting down and abandoning module TextureFormatAndroid (77)
[2018.03.27-00.15.14:777][729]LogModuleManager: Shutting down and abandoning module AudioFormatOpus (75)
[2018.03.27-00.15.14:777][729]LogModuleManager: Shutting down and abandoning module AudioFormatOgg (73)
[2018.03.27-00.15.14:777][729]LogModuleManager: Shutting down and abandoning module AudioFormatADPCM (71)
[2018.03.27-00.15.14:777][729]LogModuleManager: Shutting down and abandoning module WindowsTargetPlatform (69)
[2018.03.27-00.15.14:777][729]LogModuleManager: Shutting down and abandoning module WindowsServerTargetPlatform (67)
[2018.03.27-00.15.14:777][729]LogModuleManager: Shutting down and abandoning module WindowsNoEditorTargetPlatform (65)
[2018.03.27-00.15.14:777][729]LogModuleManager: Shutting down and abandoning module WindowsClientTargetPlatform (63)
[2018.03.27-00.15.14:777][729]LogModuleManager: Shutting down and abandoning module InputCore (60)
[2018.03.27-00.15.14:777][729]LogModuleManager: Shutting down and abandoning module Settings (58)
[2018.03.27-00.15.14:777][729]LogModuleManager: Shutting down and abandoning module PhysXCooking (56)
[2018.03.27-00.15.14:777][729]LogModuleManager: Shutting down and abandoning module SteamVR (54)
[2018.03.27-00.15.14:778][729]LogModuleManager: Shutting down and abandoning module OculusHMD (52)
[2018.03.27-00.15.14:778][729]LogModuleManager: Shutting down and abandoning module ExampleDeviceProfileSelector (50)
[2018.03.27-00.15.14:778][729]LogModuleManager: Shutting down and abandoning module OnlineBlueprintSupport (48)
[2018.03.27-00.15.14:778][729]LogModuleManager: Shutting down and abandoning module OnlineSubsystem (44)
[2018.03.27-00.15.14:778][729]LogOnline: Display: Unloading online subsystem: NULL
[2018.03.27-00.15.14:778][729]LogModuleManager: Shutting down and abandoning module XMPP (43)
[2018.03.27-00.15.14:778][729]LogModuleManager: Shutting down and abandoning module HTTP (41)
[2018.03.27-00.15.14:787][729]LogModuleManager: Shutting down and abandoning module SSL (40)
[2018.03.27-00.15.14:787][729]LogModuleManager: Shutting down and abandoning module AnimationModifiers (36)
[2018.03.27-00.15.14:787][729]LogModuleManager: Shutting down and abandoning module PropertyEditor (35)
[2018.03.27-00.15.14:788][729]LogModuleManager: Shutting down and abandoning module AudioEditor (32)
[2018.03.27-00.15.14:788][729]LogModuleManager: Shutting down and abandoning module TextureCompressor (30)
[2018.03.27-00.15.14:788][729]LogModuleManager: Shutting down and abandoning module ShaderCore (28)
[2018.03.27-00.15.14:788][729]LogModuleManager: Shutting down and abandoning module Landscape (26)
[2018.03.27-00.15.14:788][729]LogModuleManager: Shutting down and abandoning module SlateRHIRenderer (24)
[2018.03.27-00.15.14:788][729]LogModuleManager: Shutting down and abandoning module OpenGLDrv (22)
[2018.03.27-00.15.14:788][729]LogModuleManager: Shutting down and abandoning module D3D11RHI (20)
[2018.03.27-00.15.14:788][729]LogModuleManager: Shutting down and abandoning module AnimGraphRuntime (18)
[2018.03.27-00.15.14:788][729]LogModuleManager: Shutting down and abandoning module Renderer (16)
[2018.03.27-00.15.14:788][729]LogModuleManager: Shutting down and abandoning module Engine (14)
[2018.03.27-00.15.14:788][729]LogModuleManager: Shutting down and abandoning module CoreUObject (12)
[2018.03.27-00.15.14:788][729]LogModuleManager: Shutting down and abandoning module NetworkFile (10)
[2018.03.27-00.15.14:788][729]LogModuleManager: Shutting down and abandoning module CookedIterativeFile (8)
[2018.03.27-00.15.14:788][729]LogModuleManager: Shutting down and abandoning module StreamingFile (6)
[2018.03.27-00.15.14:788][729]LogModuleManager: Shutting down and abandoning module SandboxFile (4)
[2018.03.27-00.15.14:788][729]LogModuleManager: Shutting down and abandoning module PakFile (2)
[2018.03.27-00.15.14:789][729]LogExit: Exiting.
[2018.03.27-00.15.14:791][729]Log file closed, 03/26/18 20:15:14
